Using pre-set license
Built from '2020.3/staging' branch; Version is '2020.3.3f1 (76626098c1c4) revision 7758432'; Using compiler version '192528614'; Build Type 'Release'
OS: 'Windows 10 Pro; OS build 19041.1052; Version 2004; 64bit' Language: 'en' Physical Memory: 16333 MB
BatchMode: 1, IsHumanControllingUs: 0, StartBugReporterOnCrash: 0, Is64bit: 1, IsPro: 0

 COMMAND LINE ARGUMENTS:
C:\Program Files\Unity\Hub\Editor\2020.3.3f1\Editor\Unity.exe
-adb2
-batchMode
-noUpm
-name
AssetImportWorker0
-projectPath
S:/GitHub/TheLastPotionGit/The Last Potion
-logFile
Logs/AssetImportWorker0.log
-srvPort
58453
Successfully changed project path to: S:/GitHub/TheLastPotionGit/The Last Potion
S:/GitHub/TheLastPotionGit/The Last Potion
Using Asset Import Pipeline V2.
Refreshing native plugins compatible for Editor in 38.65 ms, found 1 plugins.
Preloading 0 native plugins for Editor in 0.00 ms.
Initialize engine version: 2020.3.3f1 (76626098c1c4)
[Subsystems] Discovering subsystems at path C:/Program Files/Unity/Hub/Editor/2020.3.3f1/Editor/Data/Resources/UnitySubsystems
[Subsystems] Discovering subsystems at path S:/GitHub/TheLastPotionGit/The Last Potion/Assets
GfxDevice: creating device client; threaded=0
Direct3D:
    Version:  Direct3D 11.0 [level 11.1]
    Renderer: NVIDIA GeForce GTX 1660 SUPER (ID=0x21c4)
    Vendor:   
    VRAM:     5991 MB
    Driver:   27.21.14.6192
Initialize mono
Mono path[0] = 'C:/Program Files/Unity/Hub/Editor/2020.3.3f1/Editor/Data/Managed'
Mono path[1] = 'C:/Program Files/Unity/Hub/Editor/2020.3.3f1/Editor/Data/MonoBleedingEdge/lib/mono/unityjit'
Mono config path = 'C:/Program Files/Unity/Hub/Editor/2020.3.3f1/Editor/Data/MonoBleedingEdge/etc'
Using monoOptions --debugger-agent=transport=dt_socket,embedding=1,server=y,suspend=n,address=127.0.0.1:56092
Begin MonoManager ReloadAssembly
Registering precompiled unity dll's ...
Register platform support module: C:/Program Files/Unity/Hub/Editor/2020.3.3f1/Editor/Data/PlaybackEngines/WindowsStandaloneSupport/UnityEditor.WindowsStandalone.Extensions.dll
Registered in 0.001644 seconds.
Native extension for WindowsStandalone target not found
Refreshing native plugins compatible for Editor in 40.35 ms, found 1 plugins.
Preloading 0 native plugins for Editor in 0.00 ms.
Invoked RoslynAnalysisRunner static constructor.
RoslynAnalysisRunner will not be running.
RoslynAnalysisRunner has terminated.
Mono: successfully reloaded assembly
- Completed reload, in  0.845 seconds
Platform modules already initialized, skipping
Registering precompiled user dll's ...
Registered in 0.000508 seconds.
Begin MonoManager ReloadAssembly
Native extension for WindowsStandalone target not found
Refreshing native plugins compatible for Editor in 42.44 ms, found 1 plugins.
Preloading 0 native plugins for Editor in 0.00 ms.
Invoked RoslynAnalysisRunner static constructor.
RoslynAnalysisRunner will not be running.
RoslynAnalysisRunner has terminated.
Mono: successfully reloaded assembly
- Completed reload, in  0.765 seconds
Platform modules already initialized, skipping
========================================================================
Worker process is ready to serve import requests
Launched and connected shader compiler UnityShaderCompiler.exe after 0.04 seconds
Refreshing native plugins compatible for Editor in 0.43 ms, found 1 plugins.
Preloading 0 native plugins for Editor in 0.00 ms.
Unloading 1988 Unused Serialized files (Serialized files now loaded: 0)
System memory in use before: 104.6 MB.
System memory in use after: 104.6 MB.

Unloading 25 unused Assets to reduce memory usage. Loaded Objects now: 2446.
Total: 1.854400 ms (FindLiveObjects: 0.188600 ms CreateObjectMapping: 0.047000 ms MarkObjects: 1.510100 ms  DeleteObjects: 0.108000 ms)

========================================================================
Received Import Request.
  path: Assets/Scenes/House.unity
  artifactKey: Guid(637dc851fef48404aa59c326b66b41f4) Importer(815301076,1909f56bfc062723c751e8b465ee728b)
Start importing Assets/Scenes/House.unity using Guid(637dc851fef48404aa59c326b66b41f4) Importer(815301076,1909f56bfc062723c751e8b465ee728b)  -> (artifact id: 'bc54a850eeffd8e5a4f7e2177de545f7') in 0.014587 seconds
  Import took 0.017253 seconds .

========================================================================
Received Import Request.
  Time since last request: 17.598868 seconds.
  path: Assets/Scenes/Prototype1.unity
  artifactKey: Guid(2cda990e2423bbf4892e6590ba056729) Importer(815301076,1909f56bfc062723c751e8b465ee728b)
Start importing Assets/Scenes/Prototype1.unity using Guid(2cda990e2423bbf4892e6590ba056729) Importer(815301076,1909f56bfc062723c751e8b465ee728b)  -> (artifact id: '591d0dbe9eb51e370ca5cfeded433aa8') in 0.006025 seconds
  Import took 0.008926 seconds .

========================================================================
Received Import Request.
  Time since last request: 9.920031 seconds.
  path: Assets/Prefabs/Player.prefab
  artifactKey: Guid(3a40ebe6d71bd3a44b645cf41f036fb9) Importer(815301076,1909f56bfc062723c751e8b465ee728b)
Start importing Assets/Prefabs/Player.prefab using Guid(3a40ebe6d71bd3a44b645cf41f036fb9) Importer(815301076,1909f56bfc062723c751e8b465ee728b)  -> (artifact id: '808c4d4a11eacf4c8c81885dcbcfd224') in 0.073471 seconds
  Import took 0.076439 seconds .

========================================================================
Received Import Request.
  Time since last request: 14.618475 seconds.
  path: Assets/Prefabs/Player.prefab
  artifactKey: Guid(3a40ebe6d71bd3a44b645cf41f036fb9) Importer(815301076,1909f56bfc062723c751e8b465ee728b)
Start importing Assets/Prefabs/Player.prefab using Guid(3a40ebe6d71bd3a44b645cf41f036fb9) Importer(815301076,1909f56bfc062723c751e8b465ee728b)  -> (artifact id: 'db0d655a7d3f92baf52b0a4ea7b3a614') in 0.010061 seconds
  Import took 0.013591 seconds .

========================================================================
Received Import Request.
  Time since last request: 2.993664 seconds.
  path: Assets/Prefabs/Player.prefab
  artifactKey: Guid(3a40ebe6d71bd3a44b645cf41f036fb9) Importer(815301076,1909f56bfc062723c751e8b465ee728b)
Start importing Assets/Prefabs/Player.prefab using Guid(3a40ebe6d71bd3a44b645cf41f036fb9) Importer(815301076,1909f56bfc062723c751e8b465ee728b)  -> (artifact id: 'd18e283c112d5060a5cf7e48d2f69ae3') in 0.008005 seconds
  Import took 0.011089 seconds .

========================================================================
Received Import Request.
  Time since last request: 1.598850 seconds.
  path: Assets/Prefabs/Player.prefab
  artifactKey: Guid(3a40ebe6d71bd3a44b645cf41f036fb9) Importer(815301076,1909f56bfc062723c751e8b465ee728b)
Start importing Assets/Prefabs/Player.prefab using Guid(3a40ebe6d71bd3a44b645cf41f036fb9) Importer(815301076,1909f56bfc062723c751e8b465ee728b)  -> (artifact id: '535f7f0b0b9640e3e553a0016d71acf0') in 0.007537 seconds
  Import took 0.010755 seconds .

========================================================================
Received Import Request.
  Time since last request: 1.403243 seconds.
  path: Assets/Prefabs/Player.prefab
  artifactKey: Guid(3a40ebe6d71bd3a44b645cf41f036fb9) Importer(815301076,1909f56bfc062723c751e8b465ee728b)
Start importing Assets/Prefabs/Player.prefab using Guid(3a40ebe6d71bd3a44b645cf41f036fb9) Importer(815301076,1909f56bfc062723c751e8b465ee728b)  -> (artifact id: '839525519df2f99448ed74a9eee9d5e6') in 0.007353 seconds
  Import took 0.010422 seconds .

========================================================================
Received Import Request.
  Time since last request: 1.397193 seconds.
  path: Assets/Prefabs/Player.prefab
  artifactKey: Guid(3a40ebe6d71bd3a44b645cf41f036fb9) Importer(815301076,1909f56bfc062723c751e8b465ee728b)
Start importing Assets/Prefabs/Player.prefab using Guid(3a40ebe6d71bd3a44b645cf41f036fb9) Importer(815301076,1909f56bfc062723c751e8b465ee728b)  -> (artifact id: 'e87e4084ffb492f2138e8653fd1554b3') in 0.010208 seconds
  Import took 0.013298 seconds .

========================================================================
Received Import Request.
  Time since last request: 2.196820 seconds.
  path: Assets/Prefabs/Player.prefab
  artifactKey: Guid(3a40ebe6d71bd3a44b645cf41f036fb9) Importer(815301076,1909f56bfc062723c751e8b465ee728b)
Start importing Assets/Prefabs/Player.prefab using Guid(3a40ebe6d71bd3a44b645cf41f036fb9) Importer(815301076,1909f56bfc062723c751e8b465ee728b)  -> (artifact id: '271f1a0c7df45c799d4aeb982a8fda1a') in 0.010193 seconds
  Import took 0.013315 seconds .

========================================================================
Received Import Request.
  Time since last request: 14.253706 seconds.
  path: Assets/Prefabs/Player.prefab
  artifactKey: Guid(3a40ebe6d71bd3a44b645cf41f036fb9) Importer(815301076,1909f56bfc062723c751e8b465ee728b)
Start importing Assets/Prefabs/Player.prefab using Guid(3a40ebe6d71bd3a44b645cf41f036fb9) Importer(815301076,1909f56bfc062723c751e8b465ee728b)  -> (artifact id: 'b9af0b3ba83e698816df2ebc04e2dbbc') in 0.009105 seconds
  Import took 0.012409 seconds .

========================================================================
Received Import Request.
  Time since last request: 11.088707 seconds.
  path: Assets/Prefabs/Player.prefab
  artifactKey: Guid(3a40ebe6d71bd3a44b645cf41f036fb9) Importer(815301076,1909f56bfc062723c751e8b465ee728b)
Start importing Assets/Prefabs/Player.prefab using Guid(3a40ebe6d71bd3a44b645cf41f036fb9) Importer(815301076,1909f56bfc062723c751e8b465ee728b)  -> (artifact id: '9aa0f02a4690df5656ff470befd2f475') in 0.007199 seconds
  Import took 0.010412 seconds .

========================================================================
Received Import Request.
  Time since last request: 1756.103544 seconds.
  path: Assets/Scenes/Prototype1.unity
  artifactKey: Guid(2cda990e2423bbf4892e6590ba056729) Importer(815301076,1909f56bfc062723c751e8b465ee728b)
Start importing Assets/Scenes/Prototype1.unity using Guid(2cda990e2423bbf4892e6590ba056729) Importer(815301076,1909f56bfc062723c751e8b465ee728b)  -> (artifact id: 'dc09579833512c3dc7d4b5efbadbc302') in 0.001990 seconds
  Import took 0.005186 seconds .

========================================================================
Received Import Request.
  Time since last request: 0.000288 seconds.
  path: Assets/Scenes/Prototype1.unity
  artifactKey: Guid(2cda990e2423bbf4892e6590ba056729) Importer(815301076,1909f56bfc062723c751e8b465ee728b)
Start importing Assets/Scenes/Prototype1.unity using Guid(2cda990e2423bbf4892e6590ba056729) Importer(815301076,1909f56bfc062723c751e8b465ee728b)  -> (artifact id: 'dc09579833512c3dc7d4b5efbadbc302') in 0.001420 seconds
  Import took 0.004095 seconds .

========================================================================
Received Import Request.
  Time since last request: 274.023531 seconds.
  path: Assets/Scripts/PlayerMovement.cs
  artifactKey: Guid(9b7ea82c09198db4b9e596ca87c4b51e) Importer(815301076,1909f56bfc062723c751e8b465ee728b)
Start importing Assets/Scripts/PlayerMovement.cs using Guid(9b7ea82c09198db4b9e596ca87c4b51e) Importer(815301076,1909f56bfc062723c751e8b465ee728b)  -> (artifact id: '69b697e0add2b7003fd61faf21b29b43') in 0.024217 seconds
  Import took 0.027208 seconds .

========================================================================
Received Import Request.
  Time since last request: 19.974544 seconds.
  path: Assets/Scripts/PlayerMovement.cs
  artifactKey: Guid(9b7ea82c09198db4b9e596ca87c4b51e) Importer(815301076,1909f56bfc062723c751e8b465ee728b)
Start importing Assets/Scripts/PlayerMovement.cs using Guid(9b7ea82c09198db4b9e596ca87c4b51e) Importer(815301076,1909f56bfc062723c751e8b465ee728b)  -> (artifact id: 'ef6e88fde1586fa58f804621a6cc4b14') in 0.002245 seconds
  Import took 0.005582 seconds .

========================================================================
Received Prepare
Registering precompiled user dll's ...
Registered in 0.000803 seconds.
Begin MonoManager ReloadAssembly
Native extension for WindowsStandalone target not found
Refreshing native plugins compatible for Editor in 0.47 ms, found 1 plugins.
Preloading 0 native plugins for Editor in 0.00 ms.
Invoked RoslynAnalysisRunner static constructor.
RoslynAnalysisRunner will not be running.
RoslynAnalysisRunner has terminated.
Mono: successfully reloaded assembly
- Completed reload, in  0.815 seconds
Platform modules already initialized, skipping
Refreshing native plugins compatible for Editor in 0.54 ms, found 1 plugins.
Preloading 0 native plugins for Editor in 0.00 ms.
Unloading 1966 Unused Serialized files (Serialized files now loaded: 0)
System memory in use before: 106.3 MB.
System memory in use after: 106.3 MB.

Unloading 13 unused Assets to reduce memory usage. Loaded Objects now: 2457.
Total: 2.474700 ms (FindLiveObjects: 0.212700 ms CreateObjectMapping: 0.044600 ms MarkObjects: 2.060800 ms  DeleteObjects: 0.155400 ms)

========================================================================
Received Import Request.
  Time since last request: 52.691664 seconds.
  path: Assets/Scenes/House.unity
  artifactKey: Guid(637dc851fef48404aa59c326b66b41f4) Importer(815301076,1909f56bfc062723c751e8b465ee728b)
Start importing Assets/Scenes/House.unity using Guid(637dc851fef48404aa59c326b66b41f4) Importer(815301076,1909f56bfc062723c751e8b465ee728b)  -> (artifact id: '2c6c2e613c35eaa7cb304e53c4021200') in 0.015856 seconds
  Import took 0.018770 seconds .

========================================================================
Received Import Request.
  Time since last request: 298.688675 seconds.
  path: Assets/Scenes/House.unity
  artifactKey: Guid(637dc851fef48404aa59c326b66b41f4) Importer(815301076,1909f56bfc062723c751e8b465ee728b)
Start importing Assets/Scenes/House.unity using Guid(637dc851fef48404aa59c326b66b41f4) Importer(815301076,1909f56bfc062723c751e8b465ee728b)  -> (artifact id: '1276479f408d65798f877808670012bd') in 0.001993 seconds
  Import took 0.005411 seconds .

========================================================================
Received Import Request.
  Time since last request: 0.000443 seconds.
  path: Assets/Scenes/House.unity
  artifactKey: Guid(637dc851fef48404aa59c326b66b41f4) Importer(815301076,1909f56bfc062723c751e8b465ee728b)
Start importing Assets/Scenes/House.unity using Guid(637dc851fef48404aa59c326b66b41f4) Importer(815301076,1909f56bfc062723c751e8b465ee728b)  -> (artifact id: '1276479f408d65798f877808670012bd') in 0.001663 seconds
  Import took 0.004032 seconds .

========================================================================
Received Import Request.
  Time since last request: 148.610501 seconds.
  path: Assets/Scenes/House.unity
  artifactKey: Guid(637dc851fef48404aa59c326b66b41f4) Importer(815301076,1909f56bfc062723c751e8b465ee728b)
Start importing Assets/Scenes/House.unity using Guid(637dc851fef48404aa59c326b66b41f4) Importer(815301076,1909f56bfc062723c751e8b465ee728b)  -> (artifact id: '092c62fb70a9045fb55c4b4235472f22') in 0.001914 seconds
  Import took 0.004778 seconds .

========================================================================
Received Import Request.
  Time since last request: 0.000348 seconds.
  path: Assets/Scenes/House.unity
  artifactKey: Guid(637dc851fef48404aa59c326b66b41f4) Importer(815301076,1909f56bfc062723c751e8b465ee728b)
Start importing Assets/Scenes/House.unity using Guid(637dc851fef48404aa59c326b66b41f4) Importer(815301076,1909f56bfc062723c751e8b465ee728b)  -> (artifact id: '092c62fb70a9045fb55c4b4235472f22') in 0.001768 seconds
  Import took 0.004662 seconds .

========================================================================
Received Import Request.
  Time since last request: 4.079499 seconds.
  path: Assets/Scenes/Prototype1.unity
  artifactKey: Guid(2cda990e2423bbf4892e6590ba056729) Importer(815301076,1909f56bfc062723c751e8b465ee728b)
Start importing Assets/Scenes/Prototype1.unity using Guid(2cda990e2423bbf4892e6590ba056729) Importer(815301076,1909f56bfc062723c751e8b465ee728b)  -> (artifact id: 'c014ec64c26075701a12f9ace750cdff') in 0.006504 seconds
  Import took 0.009352 seconds .

========================================================================
Received Import Request.
  Time since last request: 5.595009 seconds.
  path: Assets/Scenes/Menu.unity
  artifactKey: Guid(8cb8e66d97047ca4bab5596f9b72b109) Importer(815301076,1909f56bfc062723c751e8b465ee728b)
Start importing Assets/Scenes/Menu.unity using Guid(8cb8e66d97047ca4bab5596f9b72b109) Importer(815301076,1909f56bfc062723c751e8b465ee728b)  -> (artifact id: 'fcf625322bf4d7f2187ad234aa715654') in 0.007333 seconds
  Import took 0.010121 seconds .

========================================================================
Received Prepare
Registering precompiled user dll's ...
Registered in 0.000709 seconds.
Begin MonoManager ReloadAssembly
Native extension for WindowsStandalone target not found
Refreshing native plugins compatible for Editor in 0.45 ms, found 1 plugins.
Preloading 0 native plugins for Editor in 0.00 ms.
Invoked RoslynAnalysisRunner static constructor.
RoslynAnalysisRunner will not be running.
RoslynAnalysisRunner has terminated.
Mono: successfully reloaded assembly
- Completed reload, in  0.703 seconds
Platform modules already initialized, skipping
Refreshing native plugins compatible for Editor in 0.46 ms, found 1 plugins.
Preloading 0 native plugins for Editor in 0.00 ms.
Unloading 1966 Unused Serialized files (Serialized files now loaded: 0)
System memory in use before: 106.4 MB.
System memory in use after: 106.4 MB.

Unloading 13 unused Assets to reduce memory usage. Loaded Objects now: 2461.
Total: 2.833500 ms (FindLiveObjects: 0.279400 ms CreateObjectMapping: 0.053500 ms MarkObjects: 2.380900 ms  DeleteObjects: 0.118300 ms)

AssetImportWorkerClient::OnTransportError - code=2 error=End of file
